I, [2019-01-24T14:38:28.237751 #54024]  INFO -- Kitchen: -----> Starting Kitchen (v1.24.0)
I, [2019-01-24T14:38:28.262827 #54024]  INFO -- Kitchen: -----> Converging <default-ubuntu>...
E, [2019-01-24T14:38:32.533041 #54024] ERROR -- Kitchen: ------Exception-------
E, [2019-01-24T14:38:32.533089 #54024] ERROR -- Kitchen: Class: Kitchen::ActionFailed
E, [2019-01-24T14:38:32.533113 #54024] ERROR -- Kitchen: Message: 1 actions failed.
>>>>>>     Converge failed on instance <default-ubuntu>.  Please see .kitchen/logs/default-ubuntu.log for more details
E, [2019-01-24T14:38:32.533133 #54024] ERROR -- Kitchen: ----------------------
E, [2019-01-24T14:38:32.533152 #54024] ERROR -- Kitchen: ------Backtrace-------
E, [2019-01-24T14:38:32.533170 #54024] ERROR -- Kitchen: /Users/simon/.rvm/gems/ruby-2.6.0/gems/test-kitchen-1.24.0/lib/kitchen/command.rb:183:in `report_errors'
E, [2019-01-24T14:38:32.533188 #54024] ERROR -- Kitchen: /Users/simon/.rvm/gems/ruby-2.6.0/gems/test-kitchen-1.24.0/lib/kitchen/command.rb:174:in `run_action'
E, [2019-01-24T14:38:32.533207 #54024] ERROR -- Kitchen: /Users/simon/.rvm/gems/ruby-2.6.0/gems/test-kitchen-1.24.0/lib/kitchen/command/action.rb:36:in `block in call'
E, [2019-01-24T14:38:32.533225 #54024] ERROR -- Kitchen: /Users/simon/.rvm/rubies/ruby-2.6.0/lib/ruby/2.6.0/benchmark.rb:293:in `measure'
E, [2019-01-24T14:38:32.533243 #54024] ERROR -- Kitchen: /Users/simon/.rvm/gems/ruby-2.6.0/gems/test-kitchen-1.24.0/lib/kitchen/command/action.rb:34:in `call'
E, [2019-01-24T14:38:32.533265 #54024] ERROR -- Kitchen: /Users/simon/.rvm/gems/ruby-2.6.0/gems/test-kitchen-1.24.0/lib/kitchen/cli.rb:52:in `perform'
E, [2019-01-24T14:38:32.533284 #54024] ERROR -- Kitchen: /Users/simon/.rvm/gems/ruby-2.6.0/gems/test-kitchen-1.24.0/lib/kitchen/cli.rb:193:in `block (2 levels) in <class:CLI>'
E, [2019-01-24T14:38:32.533303 #54024] ERROR -- Kitchen: /Users/simon/.rvm/gems/ruby-2.6.0/gems/thor-0.20.3/lib/thor/command.rb:27:in `run'
E, [2019-01-24T14:38:32.533321 #54024] ERROR -- Kitchen: /Users/simon/.rvm/gems/ruby-2.6.0/gems/thor-0.20.3/lib/thor/invocation.rb:126:in `invoke_command'
E, [2019-01-24T14:38:32.533339 #54024] ERROR -- Kitchen: /Users/simon/.rvm/gems/ruby-2.6.0/gems/thor-0.20.3/lib/thor.rb:387:in `dispatch'
E, [2019-01-24T14:38:32.533357 #54024] ERROR -- Kitchen: /Users/simon/.rvm/gems/ruby-2.6.0/gems/thor-0.20.3/lib/thor/base.rb:466:in `start'
E, [2019-01-24T14:38:32.533376 #54024] ERROR -- Kitchen: /Users/simon/.rvm/gems/ruby-2.6.0/gems/test-kitchen-1.24.0/bin/kitchen:13:in `block in <top (required)>'
E, [2019-01-24T14:38:32.533394 #54024] ERROR -- Kitchen: /Users/simon/.rvm/gems/ruby-2.6.0/gems/test-kitchen-1.24.0/lib/kitchen/errors.rb:171:in `with_friendly_errors'
E, [2019-01-24T14:38:32.533412 #54024] ERROR -- Kitchen: /Users/simon/.rvm/gems/ruby-2.6.0/gems/test-kitchen-1.24.0/bin/kitchen:13:in `<top (required)>'
E, [2019-01-24T14:38:32.533430 #54024] ERROR -- Kitchen: /Users/simon/.rvm/gems/ruby-2.6.0/bin/kitchen:23:in `load'
E, [2019-01-24T14:38:32.533449 #54024] ERROR -- Kitchen: /Users/simon/.rvm/gems/ruby-2.6.0/bin/kitchen:23:in `<main>'
E, [2019-01-24T14:38:32.533477 #54024] ERROR -- Kitchen: ----End Backtrace-----
E, [2019-01-24T14:38:32.533496 #54024] ERROR -- Kitchen: -Composite Exception--
E, [2019-01-24T14:38:32.533513 #54024] ERROR -- Kitchen: Class: Kitchen::InstanceFailure
E, [2019-01-24T14:38:32.533531 #54024] ERROR -- Kitchen: Message: Converge failed on instance <default-ubuntu>.  Please see .kitchen/logs/default-ubuntu.log for more details
E, [2019-01-24T14:38:32.533549 #54024] ERROR -- Kitchen: ----------------------
E, [2019-01-24T14:38:32.533567 #54024] ERROR -- Kitchen: ------Backtrace-------
E, [2019-01-24T14:38:32.533584 #54024] ERROR -- Kitchen: /Users/simon/.rvm/gems/ruby-2.6.0/gems/test-kitchen-1.24.0/lib/kitchen/provisioner/base.rb:95:in `rescue in call'
E, [2019-01-24T14:38:32.533603 #54024] ERROR -- Kitchen: /Users/simon/.rvm/gems/ruby-2.6.0/gems/test-kitchen-1.24.0/lib/kitchen/provisioner/base.rb:94:in `call'
E, [2019-01-24T14:38:32.533621 #54024] ERROR -- Kitchen: /Users/simon/.rvm/gems/ruby-2.6.0/gems/test-kitchen-1.24.0/lib/kitchen/instance.rb:408:in `block in converge_action'
E, [2019-01-24T14:38:32.533648 #54024] ERROR -- Kitchen: /Users/simon/.rvm/gems/ruby-2.6.0/gems/test-kitchen-1.24.0/lib/kitchen/instance.rb:551:in `synchronize_or_call'
E, [2019-01-24T14:38:32.533664 #54024] ERROR -- Kitchen: /Users/simon/.rvm/gems/ruby-2.6.0/gems/test-kitchen-1.24.0/lib/kitchen/instance.rb:513:in `block in action'
E, [2019-01-24T14:38:32.533680 #54024] ERROR -- Kitchen: /Users/simon/.rvm/rubies/ruby-2.6.0/lib/ruby/2.6.0/benchmark.rb:293:in `measure'
E, [2019-01-24T14:38:32.533699 #54024] ERROR -- Kitchen: /Users/simon/.rvm/gems/ruby-2.6.0/gems/test-kitchen-1.24.0/lib/kitchen/instance.rb:512:in `action'
E, [2019-01-24T14:38:32.533714 #54024] ERROR -- Kitchen: /Users/simon/.rvm/gems/ruby-2.6.0/gems/test-kitchen-1.24.0/lib/kitchen/instance.rb:404:in `converge_action'
E, [2019-01-24T14:38:32.533729 #54024] ERROR -- Kitchen: /Users/simon/.rvm/gems/ruby-2.6.0/gems/test-kitchen-1.24.0/lib/kitchen/instance.rb:382:in `block (2 levels) in transition_to'
E, [2019-01-24T14:38:32.533744 #54024] ERROR -- Kitchen: /Users/simon/.rvm/gems/ruby-2.6.0/gems/test-kitchen-1.24.0/lib/kitchen/lifecycle_hooks.rb:45:in `run_with_hooks'
E, [2019-01-24T14:38:32.533760 #54024] ERROR -- Kitchen: /Users/simon/.rvm/gems/ruby-2.6.0/gems/test-kitchen-1.24.0/lib/kitchen/instance.rb:381:in `block in transition_to'
E, [2019-01-24T14:38:32.533775 #54024] ERROR -- Kitchen: /Users/simon/.rvm/gems/ruby-2.6.0/gems/test-kitchen-1.24.0/lib/kitchen/instance.rb:380:in `each'
E, [2019-01-24T14:38:32.533790 #54024] ERROR -- Kitchen: /Users/simon/.rvm/gems/ruby-2.6.0/gems/test-kitchen-1.24.0/lib/kitchen/instance.rb:380:in `transition_to'
E, [2019-01-24T14:38:32.533806 #54024] ERROR -- Kitchen: /Users/simon/.rvm/gems/ruby-2.6.0/gems/test-kitchen-1.24.0/lib/kitchen/instance.rb:162:in `verify'
E, [2019-01-24T14:38:32.533822 #54024] ERROR -- Kitchen: /Users/simon/.rvm/gems/ruby-2.6.0/gems/test-kitchen-1.24.0/lib/kitchen/command.rb:197:in `public_send'
E, [2019-01-24T14:38:32.533837 #54024] ERROR -- Kitchen: /Users/simon/.rvm/gems/ruby-2.6.0/gems/test-kitchen-1.24.0/lib/kitchen/command.rb:197:in `run_action_in_thread'
E, [2019-01-24T14:38:32.533854 #54024] ERROR -- Kitchen: /Users/simon/.rvm/gems/ruby-2.6.0/gems/test-kitchen-1.24.0/lib/kitchen/command.rb:169:in `block (2 levels) in run_action'
E, [2019-01-24T14:38:32.533870 #54024] ERROR -- Kitchen: ----End Backtrace-----
E, [2019-01-24T14:38:32.533885 #54024] ERROR -- Kitchen: ---Nested Exception---
E, [2019-01-24T14:38:32.533900 #54024] ERROR -- Kitchen: Class: Kitchen::ActionFailed
E, [2019-01-24T14:38:32.533915 #54024] ERROR -- Kitchen: Message: SSH session could not be established
E, [2019-01-24T14:38:32.533930 #54024] ERROR -- Kitchen: ----------------------
E, [2019-01-24T14:38:32.533945 #54024] ERROR -- Kitchen: ------Backtrace-------
E, [2019-01-24T14:38:32.533960 #54024] ERROR -- Kitchen: /Users/simon/.rvm/gems/ruby-2.6.0/gems/test-kitchen-1.24.0/lib/kitchen/provisioner/base.rb:95:in `rescue in call'
E, [2019-01-24T14:38:32.533975 #54024] ERROR -- Kitchen: /Users/simon/.rvm/gems/ruby-2.6.0/gems/test-kitchen-1.24.0/lib/kitchen/provisioner/base.rb:94:in `call'
E, [2019-01-24T14:38:32.533990 #54024] ERROR -- Kitchen: /Users/simon/.rvm/gems/ruby-2.6.0/gems/test-kitchen-1.24.0/lib/kitchen/instance.rb:408:in `block in converge_action'
E, [2019-01-24T14:38:32.534006 #54024] ERROR -- Kitchen: /Users/simon/.rvm/gems/ruby-2.6.0/gems/test-kitchen-1.24.0/lib/kitchen/instance.rb:551:in `synchronize_or_call'
E, [2019-01-24T14:38:32.534020 #54024] ERROR -- Kitchen: /Users/simon/.rvm/gems/ruby-2.6.0/gems/test-kitchen-1.24.0/lib/kitchen/instance.rb:513:in `block in action'
E, [2019-01-24T14:38:32.534036 #54024] ERROR -- Kitchen: /Users/simon/.rvm/rubies/ruby-2.6.0/lib/ruby/2.6.0/benchmark.rb:293:in `measure'
E, [2019-01-24T14:38:32.534054 #54024] ERROR -- Kitchen: /Users/simon/.rvm/gems/ruby-2.6.0/gems/test-kitchen-1.24.0/lib/kitchen/instance.rb:512:in `action'
E, [2019-01-24T14:38:32.534069 #54024] ERROR -- Kitchen: /Users/simon/.rvm/gems/ruby-2.6.0/gems/test-kitchen-1.24.0/lib/kitchen/instance.rb:404:in `converge_action'
E, [2019-01-24T14:38:32.534094 #54024] ERROR -- Kitchen: /Users/simon/.rvm/gems/ruby-2.6.0/gems/test-kitchen-1.24.0/lib/kitchen/instance.rb:382:in `block (2 levels) in transition_to'
E, [2019-01-24T14:38:32.534110 #54024] ERROR -- Kitchen: /Users/simon/.rvm/gems/ruby-2.6.0/gems/test-kitchen-1.24.0/lib/kitchen/lifecycle_hooks.rb:45:in `run_with_hooks'
E, [2019-01-24T14:38:32.534126 #54024] ERROR -- Kitchen: /Users/simon/.rvm/gems/ruby-2.6.0/gems/test-kitchen-1.24.0/lib/kitchen/instance.rb:381:in `block in transition_to'
E, [2019-01-24T14:38:32.534200 #54024] ERROR -- Kitchen: /Users/simon/.rvm/gems/ruby-2.6.0/gems/test-kitchen-1.24.0/lib/kitchen/instance.rb:380:in `each'
E, [2019-01-24T14:38:32.534236 #54024] ERROR -- Kitchen: /Users/simon/.rvm/gems/ruby-2.6.0/gems/test-kitchen-1.24.0/lib/kitchen/instance.rb:380:in `transition_to'
E, [2019-01-24T14:38:32.534258 #54024] ERROR -- Kitchen: /Users/simon/.rvm/gems/ruby-2.6.0/gems/test-kitchen-1.24.0/lib/kitchen/instance.rb:162:in `verify'
E, [2019-01-24T14:38:32.534276 #54024] ERROR -- Kitchen: /Users/simon/.rvm/gems/ruby-2.6.0/gems/test-kitchen-1.24.0/lib/kitchen/command.rb:197:in `public_send'
E, [2019-01-24T14:38:32.534292 #54024] ERROR -- Kitchen: /Users/simon/.rvm/gems/ruby-2.6.0/gems/test-kitchen-1.24.0/lib/kitchen/command.rb:197:in `run_action_in_thread'
E, [2019-01-24T14:38:32.534308 #54024] ERROR -- Kitchen: /Users/simon/.rvm/gems/ruby-2.6.0/gems/test-kitchen-1.24.0/lib/kitchen/command.rb:169:in `block (2 levels) in run_action'
E, [2019-01-24T14:38:32.534323 #54024] ERROR -- Kitchen: ----End Backtrace-----
