I, [2019-01-24T15:27:55.744132 #56350]  INFO -- Kitchen: -----> Starting Kitchen (v1.24.0)
I, [2019-01-24T15:27:55.840957 #56350]  INFO -- Kitchen: -----> Converging <default-ubuntu>...
E, [2019-01-24T15:28:28.024475 #56350] ERROR -- Kitchen: ------Exception-------
E, [2019-01-24T15:28:28.024539 #56350] ERROR -- Kitchen: Class: Kitchen::ActionFailed
E, [2019-01-24T15:28:28.024572 #56350] ERROR -- Kitchen: Message: 1 actions failed.
>>>>>>     Converge failed on instance <default-ubuntu>.  Please see .kitchen/logs/default-ubuntu.log for more details
E, [2019-01-24T15:28:28.024599 #56350] ERROR -- Kitchen: ----------------------
E, [2019-01-24T15:28:28.024623 #56350] ERROR -- Kitchen: ------Backtrace-------
E, [2019-01-24T15:28:28.024645 #56350] ERROR -- Kitchen: /Users/simon/.rvm/gems/ruby-2.6.0/gems/test-kitchen-1.24.0/lib/kitchen/command.rb:183:in `report_errors'
E, [2019-01-24T15:28:28.024668 #56350] ERROR -- Kitchen: /Users/simon/.rvm/gems/ruby-2.6.0/gems/test-kitchen-1.24.0/lib/kitchen/command.rb:174:in `run_action'
E, [2019-01-24T15:28:28.024690 #56350] ERROR -- Kitchen: /Users/simon/.rvm/gems/ruby-2.6.0/gems/test-kitchen-1.24.0/lib/kitchen/command/action.rb:36:in `block in call'
E, [2019-01-24T15:28:28.024712 #56350] ERROR -- Kitchen: /Users/simon/.rvm/rubies/ruby-2.6.0/lib/ruby/2.6.0/benchmark.rb:293:in `measure'
E, [2019-01-24T15:28:28.024735 #56350] ERROR -- Kitchen: /Users/simon/.rvm/gems/ruby-2.6.0/gems/test-kitchen-1.24.0/lib/kitchen/command/action.rb:34:in `call'
E, [2019-01-24T15:28:28.024757 #56350] ERROR -- Kitchen: /Users/simon/.rvm/gems/ruby-2.6.0/gems/test-kitchen-1.24.0/lib/kitchen/cli.rb:52:in `perform'
E, [2019-01-24T15:28:28.024779 #56350] ERROR -- Kitchen: /Users/simon/.rvm/gems/ruby-2.6.0/gems/test-kitchen-1.24.0/lib/kitchen/cli.rb:193:in `block (2 levels) in <class:CLI>'
E, [2019-01-24T15:28:28.024801 #56350] ERROR -- Kitchen: /Users/simon/.rvm/gems/ruby-2.6.0/gems/thor-0.20.3/lib/thor/command.rb:27:in `run'
E, [2019-01-24T15:28:28.024823 #56350] ERROR -- Kitchen: /Users/simon/.rvm/gems/ruby-2.6.0/gems/thor-0.20.3/lib/thor/invocation.rb:126:in `invoke_command'
E, [2019-01-24T15:28:28.024846 #56350] ERROR -- Kitchen: /Users/simon/.rvm/gems/ruby-2.6.0/gems/thor-0.20.3/lib/thor.rb:387:in `dispatch'
E, [2019-01-24T15:28:28.024868 #56350] ERROR -- Kitchen: /Users/simon/.rvm/gems/ruby-2.6.0/gems/thor-0.20.3/lib/thor/base.rb:466:in `start'
E, [2019-01-24T15:28:28.024890 #56350] ERROR -- Kitchen: /Users/simon/.rvm/gems/ruby-2.6.0/gems/test-kitchen-1.24.0/bin/kitchen:13:in `block in <top (required)>'
E, [2019-01-24T15:28:28.024912 #56350] ERROR -- Kitchen: /Users/simon/.rvm/gems/ruby-2.6.0/gems/test-kitchen-1.24.0/lib/kitchen/errors.rb:171:in `with_friendly_errors'
E, [2019-01-24T15:28:28.024935 #56350] ERROR -- Kitchen: /Users/simon/.rvm/gems/ruby-2.6.0/gems/test-kitchen-1.24.0/bin/kitchen:13:in `<top (required)>'
E, [2019-01-24T15:28:28.024956 #56350] ERROR -- Kitchen: /Users/simon/.rvm/gems/ruby-2.6.0/bin/kitchen:23:in `load'
E, [2019-01-24T15:28:28.024977 #56350] ERROR -- Kitchen: /Users/simon/.rvm/gems/ruby-2.6.0/bin/kitchen:23:in `<main>'
E, [2019-01-24T15:28:28.024999 #56350] ERROR -- Kitchen: ----End Backtrace-----
E, [2019-01-24T15:28:28.025020 #56350] ERROR -- Kitchen: -Composite Exception--
E, [2019-01-24T15:28:28.025041 #56350] ERROR -- Kitchen: Class: Kitchen::InstanceFailure
E, [2019-01-24T15:28:28.025063 #56350] ERROR -- Kitchen: Message: Converge failed on instance <default-ubuntu>.  Please see .kitchen/logs/default-ubuntu.log for more details
E, [2019-01-24T15:28:28.025085 #56350] ERROR -- Kitchen: ----------------------
E, [2019-01-24T15:28:28.025106 #56350] ERROR -- Kitchen: ------Backtrace-------
E, [2019-01-24T15:28:28.025127 #56350] ERROR -- Kitchen: /Users/simon/.rvm/gems/ruby-2.6.0/gems/test-kitchen-1.24.0/lib/kitchen/provisioner/base.rb:95:in `rescue in call'
E, [2019-01-24T15:28:28.025148 #56350] ERROR -- Kitchen: /Users/simon/.rvm/gems/ruby-2.6.0/gems/test-kitchen-1.24.0/lib/kitchen/provisioner/base.rb:94:in `call'
E, [2019-01-24T15:28:28.025170 #56350] ERROR -- Kitchen: /Users/simon/.rvm/gems/ruby-2.6.0/gems/test-kitchen-1.24.0/lib/kitchen/instance.rb:408:in `block in converge_action'
E, [2019-01-24T15:28:28.025205 #56350] ERROR -- Kitchen: /Users/simon/.rvm/gems/ruby-2.6.0/gems/test-kitchen-1.24.0/lib/kitchen/instance.rb:551:in `synchronize_or_call'
E, [2019-01-24T15:28:28.025226 #56350] ERROR -- Kitchen: /Users/simon/.rvm/gems/ruby-2.6.0/gems/test-kitchen-1.24.0/lib/kitchen/instance.rb:513:in `block in action'
E, [2019-01-24T15:28:28.025244 #56350] ERROR -- Kitchen: /Users/simon/.rvm/rubies/ruby-2.6.0/lib/ruby/2.6.0/benchmark.rb:293:in `measure'
E, [2019-01-24T15:28:28.025263 #56350] ERROR -- Kitchen: /Users/simon/.rvm/gems/ruby-2.6.0/gems/test-kitchen-1.24.0/lib/kitchen/instance.rb:512:in `action'
E, [2019-01-24T15:28:28.025281 #56350] ERROR -- Kitchen: /Users/simon/.rvm/gems/ruby-2.6.0/gems/test-kitchen-1.24.0/lib/kitchen/instance.rb:404:in `converge_action'
E, [2019-01-24T15:28:28.025299 #56350] ERROR -- Kitchen: /Users/simon/.rvm/gems/ruby-2.6.0/gems/test-kitchen-1.24.0/lib/kitchen/instance.rb:382:in `block (2 levels) in transition_to'
E, [2019-01-24T15:28:28.025317 #56350] ERROR -- Kitchen: /Users/simon/.rvm/gems/ruby-2.6.0/gems/test-kitchen-1.24.0/lib/kitchen/lifecycle_hooks.rb:45:in `run_with_hooks'
E, [2019-01-24T15:28:28.025335 #56350] ERROR -- Kitchen: /Users/simon/.rvm/gems/ruby-2.6.0/gems/test-kitchen-1.24.0/lib/kitchen/instance.rb:381:in `block in transition_to'
E, [2019-01-24T15:28:28.025353 #56350] ERROR -- Kitchen: /Users/simon/.rvm/gems/ruby-2.6.0/gems/test-kitchen-1.24.0/lib/kitchen/instance.rb:380:in `each'
E, [2019-01-24T15:28:28.025372 #56350] ERROR -- Kitchen: /Users/simon/.rvm/gems/ruby-2.6.0/gems/test-kitchen-1.24.0/lib/kitchen/instance.rb:380:in `transition_to'
E, [2019-01-24T15:28:28.025390 #56350] ERROR -- Kitchen: /Users/simon/.rvm/gems/ruby-2.6.0/gems/test-kitchen-1.24.0/lib/kitchen/instance.rb:162:in `verify'
E, [2019-01-24T15:28:28.025408 #56350] ERROR -- Kitchen: /Users/simon/.rvm/gems/ruby-2.6.0/gems/test-kitchen-1.24.0/lib/kitchen/command.rb:197:in `public_send'
E, [2019-01-24T15:28:28.025426 #56350] ERROR -- Kitchen: /Users/simon/.rvm/gems/ruby-2.6.0/gems/test-kitchen-1.24.0/lib/kitchen/command.rb:197:in `run_action_in_thread'
E, [2019-01-24T15:28:28.025445 #56350] ERROR -- Kitchen: /Users/simon/.rvm/gems/ruby-2.6.0/gems/test-kitchen-1.24.0/lib/kitchen/command.rb:169:in `block (2 levels) in run_action'
E, [2019-01-24T15:28:28.025463 #56350] ERROR -- Kitchen: ----End Backtrace-----
E, [2019-01-24T15:28:28.025481 #56350] ERROR -- Kitchen: ---Nested Exception---
E, [2019-01-24T15:28:28.025499 #56350] ERROR -- Kitchen: Class: Kitchen::ActionFailed
E, [2019-01-24T15:28:28.025517 #56350] ERROR -- Kitchen: Message: SSH exited (2) for command: [          
          
          ANSIBLE_ROLES_PATH=/tmp/kitchen/roles sudo -E -s  ansible-playbook -i /tmp/kitchen/hosts  -c local -M /tmp/kitchen/modules          /tmp/kitchen/playbook.yml
]
E, [2019-01-24T15:28:28.025535 #56350] ERROR -- Kitchen: ----------------------
E, [2019-01-24T15:28:28.025553 #56350] ERROR -- Kitchen: ------Backtrace-------
E, [2019-01-24T15:28:28.025571 #56350] ERROR -- Kitchen: /Users/simon/.rvm/gems/ruby-2.6.0/gems/test-kitchen-1.24.0/lib/kitchen/provisioner/base.rb:95:in `rescue in call'
E, [2019-01-24T15:28:28.025590 #56350] ERROR -- Kitchen: /Users/simon/.rvm/gems/ruby-2.6.0/gems/test-kitchen-1.24.0/lib/kitchen/provisioner/base.rb:94:in `call'
E, [2019-01-24T15:28:28.025608 #56350] ERROR -- Kitchen: /Users/simon/.rvm/gems/ruby-2.6.0/gems/test-kitchen-1.24.0/lib/kitchen/instance.rb:408:in `block in converge_action'
E, [2019-01-24T15:28:28.025626 #56350] ERROR -- Kitchen: /Users/simon/.rvm/gems/ruby-2.6.0/gems/test-kitchen-1.24.0/lib/kitchen/instance.rb:551:in `synchronize_or_call'
E, [2019-01-24T15:28:28.025645 #56350] ERROR -- Kitchen: /Users/simon/.rvm/gems/ruby-2.6.0/gems/test-kitchen-1.24.0/lib/kitchen/instance.rb:513:in `block in action'
E, [2019-01-24T15:28:28.025663 #56350] ERROR -- Kitchen: /Users/simon/.rvm/rubies/ruby-2.6.0/lib/ruby/2.6.0/benchmark.rb:293:in `measure'
E, [2019-01-24T15:28:28.025681 #56350] ERROR -- Kitchen: /Users/simon/.rvm/gems/ruby-2.6.0/gems/test-kitchen-1.24.0/lib/kitchen/instance.rb:512:in `action'
E, [2019-01-24T15:28:28.025711 #56350] ERROR -- Kitchen: /Users/simon/.rvm/gems/ruby-2.6.0/gems/test-kitchen-1.24.0/lib/kitchen/instance.rb:404:in `converge_action'
E, [2019-01-24T15:28:28.025731 #56350] ERROR -- Kitchen: /Users/simon/.rvm/gems/ruby-2.6.0/gems/test-kitchen-1.24.0/lib/kitchen/instance.rb:382:in `block (2 levels) in transition_to'
E, [2019-01-24T15:28:28.025749 #56350] ERROR -- Kitchen: /Users/simon/.rvm/gems/ruby-2.6.0/gems/test-kitchen-1.24.0/lib/kitchen/lifecycle_hooks.rb:45:in `run_with_hooks'
E, [2019-01-24T15:28:28.025768 #56350] ERROR -- Kitchen: /Users/simon/.rvm/gems/ruby-2.6.0/gems/test-kitchen-1.24.0/lib/kitchen/instance.rb:381:in `block in transition_to'
E, [2019-01-24T15:28:28.025786 #56350] ERROR -- Kitchen: /Users/simon/.rvm/gems/ruby-2.6.0/gems/test-kitchen-1.24.0/lib/kitchen/instance.rb:380:in `each'
E, [2019-01-24T15:28:28.025804 #56350] ERROR -- Kitchen: /Users/simon/.rvm/gems/ruby-2.6.0/gems/test-kitchen-1.24.0/lib/kitchen/instance.rb:380:in `transition_to'
E, [2019-01-24T15:28:28.025823 #56350] ERROR -- Kitchen: /Users/simon/.rvm/gems/ruby-2.6.0/gems/test-kitchen-1.24.0/lib/kitchen/instance.rb:162:in `verify'
E, [2019-01-24T15:28:28.025841 #56350] ERROR -- Kitchen: /Users/simon/.rvm/gems/ruby-2.6.0/gems/test-kitchen-1.24.0/lib/kitchen/command.rb:197:in `public_send'
E, [2019-01-24T15:28:28.025859 #56350] ERROR -- Kitchen: /Users/simon/.rvm/gems/ruby-2.6.0/gems/test-kitchen-1.24.0/lib/kitchen/command.rb:197:in `run_action_in_thread'
E, [2019-01-24T15:28:28.025877 #56350] ERROR -- Kitchen: /Users/simon/.rvm/gems/ruby-2.6.0/gems/test-kitchen-1.24.0/lib/kitchen/command.rb:169:in `block (2 levels) in run_action'
E, [2019-01-24T15:28:28.025895 #56350] ERROR -- Kitchen: ----End Backtrace-----
